[0.016s] Invoking command in '/home/vboxuser/arm_ws/build/arm3dof': CMAKE_PREFIX_PATH=${CMAKE_PREFIX_PATH}:/home/vboxuser/ros2_ws/install/my_bot_pkg:/opt/ros/jazzy DEBUGINFOD_URLS=https://debuginfod.ubuntu.com /usr/bin/cmake --build /home/vboxuser/arm_ws/build/arm3dof -- -j8 -l8
[0.068s] Invoked command in '/home/vboxuser/arm_ws/build/arm3dof' returned '0': CMAKE_PREFIX_PATH=${CMAKE_PREFIX_PATH}:/home/vboxuser/ros2_ws/install/my_bot_pkg:/opt/ros/jazzy DEBUGINFOD_URLS=https://debuginfod.ubuntu.com /usr/bin/cmake --build /home/vboxuser/arm_ws/build/arm3dof -- -j8 -l8
[0.082s] Invoking command in '/home/vboxuser/arm_ws/build/arm3dof': CMAKE_PREFIX_PATH=${CMAKE_PREFIX_PATH}:/home/vboxuser/ros2_ws/install/my_bot_pkg:/opt/ros/jazzy DEBUGINFOD_URLS=https://debuginfod.ubuntu.com /usr/bin/cmake --install /home/vboxuser/arm_ws/build/arm3dof
[0.092s] -- Install configuration: ""
[0.092s] -- Up-to-date: /home/vboxuser/arm_ws/install/arm3dof/share/arm3dof/models
[0.092s] -- Up-to-date: /home/vboxuser/arm_ws/install/arm3dof/share/arm3dof/models/arm3dof
[0.092s] -- Up-to-date: /home/vboxuser/arm_ws/install/arm3dof/share/arm3dof/models/arm3dof/model.config
[0.092s] -- Up-to-date: /home/vboxuser/arm_ws/install/arm3dof/share/arm3dof/models/arm3dof/model.sdf
[0.092s] -- Up-to-date: /home/vboxuser/arm_ws/install/arm3dof/share/arm3dof/worlds
[0.092s] -- Up-to-date: /home/vboxuser/arm_ws/install/arm3dof/share/arm3dof/launch
[0.092s] -- Up-to-date: /home/vboxuser/arm_ws/install/arm3dof/share/arm3dof/launch/arm.launch.py
[0.092s] -- Installing: /home/vboxuser/arm_ws/install/arm3dof/lib/arm3dof/move_demo.py
[0.093s] -- Up-to-date: /home/vboxuser/arm_ws/install/arm3dof/share/ament_index/resource_index/package_run_dependencies/arm3dof
[0.093s] -- Up-to-date: /home/vboxuser/arm_ws/install/arm3dof/share/ament_index/resource_index/parent_prefix_path/arm3dof
[0.093s] -- Up-to-date: /home/vboxuser/arm_ws/install/arm3dof/share/arm3dof/environment/ament_prefix_path.sh
[0.093s] -- Up-to-date: /home/vboxuser/arm_ws/install/arm3dof/share/arm3dof/environment/ament_prefix_path.dsv
[0.093s] -- Up-to-date: /home/vboxuser/arm_ws/install/arm3dof/share/arm3dof/environment/path.sh
[0.093s] -- Up-to-date: /home/vboxuser/arm_ws/install/arm3dof/share/arm3dof/environment/path.dsv
[0.093s] -- Up-to-date: /home/vboxuser/arm_ws/install/arm3dof/share/arm3dof/local_setup.bash
[0.094s] -- Up-to-date: /home/vboxuser/arm_ws/install/arm3dof/share/arm3dof/local_setup.sh
[0.094s] -- Up-to-date: /home/vboxuser/arm_ws/install/arm3dof/share/arm3dof/local_setup.zsh
[0.095s] -- Up-to-date: /home/vboxuser/arm_ws/install/arm3dof/share/arm3dof/local_setup.dsv
[0.095s] -- Installing: /home/vboxuser/arm_ws/install/arm3dof/share/arm3dof/package.dsv
[0.096s] -- Up-to-date: /home/vboxuser/arm_ws/install/arm3dof/share/ament_index/resource_index/packages/arm3dof
[0.096s] -- Up-to-date: /home/vboxuser/arm_ws/install/arm3dof/share/arm3dof/cmake/arm3dofConfig.cmake
[0.097s] -- Up-to-date: /home/vboxuser/arm_ws/install/arm3dof/share/arm3dof/cmake/arm3dofConfig-version.cmake
[0.098s] -- Up-to-date: /home/vboxuser/arm_ws/install/arm3dof/share/arm3dof/package.xml
[0.099s] Invoked command in '/home/vboxuser/arm_ws/build/arm3dof' returned '0': CMAKE_PREFIX_PATH=${CMAKE_PREFIX_PATH}:/home/vboxuser/ros2_ws/install/my_bot_pkg:/opt/ros/jazzy DEBUGINFOD_URLS=https://debuginfod.ubuntu.com /usr/bin/cmake --install /home/vboxuser/arm_ws/build/arm3dof
